file /tmp/output1631927258825504407.c: Parsing
Converting
Type-checking output1631927258825504407
Generating GOTO Program
Adding CPROVER library
Function Pointer Removal
Partial Inlining
Generic Property Instrumentation
Starting Bounded Model Checking
Adding SC constraints
size of program expression: 470 steps
no slicing due to threads
Generated 1 VCC(s), 1 remaining after simplification
Passing problem to SMT2 QF_AUFBV (with FPA) using Z3
Running SMT2 QF_AUFBV (with FPA) using Z3
Runtime decision procedure: 0.035s
Building error trace

Counterexample:

State 3 file /tmp/output1631927258825504407.c line 2 thread 0
----------------------------------------------------
  __assume_dummy=0 (00000000000000000000000000000000)

State 4 file /tmp/output1631927258825504407.c line 6 thread 0
----------------------------------------------------
  gID=0 (00000000000000000000000000000000)

State 5 file /tmp/output1631927258825504407.c line 7 thread 0
----------------------------------------------------
  gTime=0 (00000000000000000000000000000000)

State 6 file /tmp/output1631927258825504407.c line 8 thread 0
----------------------------------------------------
  crt_child=0 (00000000000000000000000000000000)

State 7 file <built-in-additions> line 57 thread 0
----------------------------------------------------
  __CPROVER_rounding_mode=0 (00000000000000000000000000000000)

State 8 file /tmp/output1631927258825504407.c line 16 thread 0
----------------------------------------------------
  __dummy=0 (00000000000000000000000000000000)

State 9 file /tmp/output1631927258825504407.c line 17 thread 0
----------------------------------------------------
  __thread_child2_finished=0 (00000000000000000000000000000000)

State 10 file /tmp/output1631927258825504407.c line 18 thread 0
----------------------------------------------------
  __thread_child1_finished=0 (00000000000000000000000000000000)

State 11 file /tmp/output1631927258825504407.c line 19 thread 0
----------------------------------------------------
  __thread_main_finished=0 (00000000000000000000000000000000)

State 12 file /tmp/output1631927258825504407.c line 20 thread 0
----------------------------------------------------
  __assert_fail=0 (00000000000000000000000000000000)

State 13 file <built-in-additions> line 78 thread 0
----------------------------------------------------
  __CPROVER_pipe_count=0 (00000000000000000000000000000000)

State 14 file <built-in-additions> line 22 thread 0
----------------------------------------------------
  __CPROVER_threads_exited=(assignment removed)

State 15 file <built-in-additions> line 23 thread 0
----------------------------------------------------
  __CPROVER_next_thread_id=0 (0000000000000000000000000000000000000000000000000000000000000000)

State 16 file <built-in-additions> line 30 thread 0
----------------------------------------------------
  __CPROVER_deallocated=NULL (0000000000000000000000000000000000000000000000000000000000000000)

State 17 file <built-in-additions> line 31 thread 0
----------------------------------------------------
  __CPROVER_dead_object=NULL (0000000000000000000000000000000000000000000000000000000000000000)

State 18 file <built-in-additions> line 32 thread 0
----------------------------------------------------
  __CPROVER_malloc_object=NULL (0000000000000000000000000000000000000000000000000000000000000000)

State 19 file <built-in-additions> line 33 thread 0
----------------------------------------------------
  __CPROVER_malloc_size=0 (0000000000000000000000000000000000000000000000000000000000000000)

State 20 file <built-in-additions> line 34 thread 0
----------------------------------------------------
  __CPROVER_malloc_is_new_array=FALSE (0)

State 21 file <built-in-additions> line 35 thread 0
----------------------------------------------------
  __CPROVER_memory_leak=NULL (0000000000000000000000000000000000000000000000000000000000000000)

State 25 file /tmp/output1631927258825504407.c line 24 function main thread 0
----------------------------------------------------
  __dummy=0 (00000000000000000000000000000000)

State 26 file /tmp/output1631927258825504407.c line 25 function main thread 0
----------------------------------------------------
  gID=0 (00000000000000000000000000000000)

State 27 file /tmp/output1631927258825504407.c line 26 function main thread 0
----------------------------------------------------
  __dummy=0 (00000000000000000000000000000000)

State 30 file /tmp/output1631927258825504407.c line 27 function main thread 0
----------------------------------------------------
  __dummy=0 (00000000000000000000000000000000)

State 33 file /tmp/output1631927258825504407.c line 63 function thread_main thread 1
----------------------------------------------------
  __dummy=0 (00000000000000000000000000000000)

State 34 file /tmp/output1631927258825504407.c line 50 function thread_child1 thread 2
----------------------------------------------------
  __dummy=0 (00000000000000000000000000000000)

State 35 file /tmp/output1631927258825504407.c line 64 function thread_main thread 1
----------------------------------------------------
  crt_child=1 (00000000000000000000000000000001)

State 36 file /tmp/output1631927258825504407.c line 28 function main thread 0
----------------------------------------------------
  __dummy=0 (00000000000000000000000000000000)

State 39 file /tmp/output1631927258825504407.c line 51 function thread_child1 thread 2
----------------------------------------------------
  __assume_dummy=0 (00000000000000000000000000000000)

State 40 file /tmp/output1631927258825504407.c line 52 function thread_child1 thread 2
----------------------------------------------------
  __test52=0 (00000000000000000000000000000000)

State 41 file /tmp/output1631927258825504407.c line 53 function thread_child1 thread 2
----------------------------------------------------
  __test52=1 (00000000000000000000000000000001)

State 43 file /tmp/output1631927258825504407.c line 55 function thread_child1 thread 2
----------------------------------------------------
  gID=1 (00000000000000000000000000000001)

State 44 file /tmp/output1631927258825504407.c line 37 function thread_child2 thread 3
----------------------------------------------------
  __dummy=0 (00000000000000000000000000000000)

State 46 file /tmp/output1631927258825504407.c line 69 function thread_main thread 1
----------------------------------------------------
  __assert_fail=1 (00000000000000000000000000000001)

State 47 file /tmp/output1631927258825504407.c line 38 function thread_child2 thread 3
----------------------------------------------------
  __assume_dummy=0 (00000000000000000000000000000000)

State 48 file /tmp/output1631927258825504407.c line 39 function thread_child2 thread 3
----------------------------------------------------
  __test39=0 (00000000000000000000000000000000)

State 49 file /tmp/output1631927258825504407.c line 71 function thread_main thread 1
----------------------------------------------------
  __dummy=0 (00000000000000000000000000000000)

State 50 file /tmp/output1631927258825504407.c line 40 function thread_child2 thread 3
----------------------------------------------------
  __test39=0 (00000000000000000000000000000000)

State 52 file /tmp/output1631927258825504407.c line 72 function thread_main thread 1
----------------------------------------------------
  __thread_main_finished=1 (00000000000000000000000000000001)

State 57 file /tmp/output1631927258825504407.c line 45 function thread_child2 thread 3
----------------------------------------------------
  __dummy=0 (00000000000000000000000000000000)

State 58 file /tmp/output1631927258825504407.c line 29 function main thread 0
----------------------------------------------------
  __dummy=0 (00000000000000000000000000000000)

State 59 file /tmp/output1631927258825504407.c line 46 function thread_child2 thread 3
----------------------------------------------------
  __thread_child2_finished=1 (00000000000000000000000000000001)

State 62 file /tmp/output1631927258825504407.c line 30 function main thread 0
----------------------------------------------------
  __assume_dummy=0 (00000000000000000000000000000000)

State 63 file /tmp/output1631927258825504407.c line 56 function thread_child1 thread 2
----------------------------------------------------
  gTime=1 (00000000000000000000000000000001)

State 64 file /tmp/output1631927258825504407.c line 58 function thread_child1 thread 2
----------------------------------------------------
  __dummy=0 (00000000000000000000000000000000)

State 65 file /tmp/output1631927258825504407.c line 59 function thread_child1 thread 2
----------------------------------------------------
  __thread_child1_finished=1 (00000000000000000000000000000001)

State 70 file /tmp/output1631927258825504407.c line 31 function main thread 0
----------------------------------------------------
  __assume_dummy=0 (00000000000000000000000000000000)

State 71 file /tmp/output1631927258825504407.c line 32 function main thread 0
----------------------------------------------------
  __assume_dummy=0 (00000000000000000000000000000000)

Violated property:
  file /tmp/output1631927258825504407.c line 33 function main
  assertion __assert_fail == 0
  __assert_fail == 0

VERIFICATION FAILED
